<?xml version="1.0" encoding="UTF-8"?>
<robot generator="Robot 7.0.1 (Python 3.8.10 on linux)" generated="2024-07-03T17:54:34.520979" rpa="false" schemaversion="5">
<suite id="s1" name="Parsing" source="/home/einfochips/Desktop/Project/Robot_Frame_Work/ParsingData/parsing.robot">
<test id="s1-t1" name="Get Test Case Counts" line="9">
<kw name="Get Test Case Counts" owner="robot_log_parser">
<msg time="2024-07-03T17:54:34.555564" level="INFO">Pass count: 3, Fail count: 0, Skip count: 0</msg>
<msg time="2024-07-03T17:54:34.555674" level="INFO">${pass_count} = 3</msg>
<msg time="2024-07-03T17:54:34.555723" level="INFO">${fail_count} = 0</msg>
<msg time="2024-07-03T17:54:34.555764" level="INFO">${skip_count} = 0</msg>
<var>${pass_count}</var>
<var>${fail_count}</var>
<var>${skip_count}</var>
<arg>${OUTPUT_XML_PATH}</arg>
<status status="PASS" start="2024-07-03T17:54:34.555107" elapsed="0.000678"/>
</kw>
<kw name="Log" owner="BuiltIn">
<msg time="2024-07-03T17:54:34.556197" level="INFO">Pass count: 3</msg>
<arg>Pass count: ${pass_count}</arg>
<doc>Logs the given message with the given level.</doc>
<status status="PASS" start="2024-07-03T17:54:34.556013" elapsed="0.000231"/>
</kw>
<kw name="Log" owner="BuiltIn">
<msg time="2024-07-03T17:54:34.556593" level="INFO">Fail count: 0</msg>
<arg>Fail count: ${fail_count}</arg>
<doc>Logs the given message with the given level.</doc>
<status status="PASS" start="2024-07-03T17:54:34.556431" elapsed="0.000207"/>
</kw>
<kw name="Log" owner="BuiltIn">
<msg time="2024-07-03T17:54:34.556981" level="INFO">Skip count: 0</msg>
<arg>Skip count: ${skip_count}</arg>
<doc>Logs the given message with the given level.</doc>
<status status="PASS" start="2024-07-03T17:54:34.556821" elapsed="0.000203"/>
</kw>
<doc>Get pass, fail, and skip counts from Robot Framework output.xml</doc>
<status status="PASS" start="2024-07-03T17:54:34.554100" elapsed="0.003106"/>
</test>
<status status="PASS" start="2024-07-03T17:54:34.522609" elapsed="0.035083"/>
</suite>
<statistics>
<total>
<stat pass="1" fail="0" skip="0">All Tests</stat>
</total>
<tag>
</tag>
<suite>
<stat pass="1" fail="0" skip="0" id="s1" name="Parsing">Parsing</stat>
</suite>
</statistics>
<errors>
</errors>
</robot>
